Performing C SOURCE FILE Test CMAKE_HAVE_LIBC_PTHREAD failed with the following output:
Change Dir: /home/airobots/gpm_server/build/gpm_ammr/CMakeFiles/CMakeTmp

Run Build Command(s):/usr/bin/make cmTC_2fdea/fast && make[1]: 進入目錄「/home/airobots/gpm_server/build/gpm_ammr/CMakeFiles/CMakeTmp」
/usr/bin/make -f CMakeFiles/cmTC_2fdea.dir/build.make CMakeFiles/cmTC_2fdea.dir/build
make[2]: 進入目錄「/home/airobots/gpm_server/build/gpm_ammr/CMakeFiles/CMakeTmp」
Building C object CMakeFiles/cmTC_2fdea.dir/src.c.o
/usr/bin/cc   -DCMAKE_HAVE_LIBC_PTHREAD   -o CMakeFiles/cmTC_2fdea.dir/src.c.o   -c /home/airobots/gpm_server/build/gpm_ammr/CMakeFiles/CMakeTmp/src.c
Linking C executable cmTC_2fdea
/usr/bin/cmake -E cmake_link_script CMakeFiles/cmTC_2fdea.dir/link.txt --verbose=1
/usr/bin/cc  -DCMAKE_HAVE_LIBC_PTHREAD    CMakeFiles/cmTC_2fdea.dir/src.c.o  -o cmTC_2fdea 
/usr/bin/ld: CMakeFiles/cmTC_2fdea.dir/src.c.o: in function `main':
src.c:(.text+0x46): undefined reference to `pthread_create'
/usr/bin/ld: src.c:(.text+0x52): undefined reference to `pthread_detach'
/usr/bin/ld: src.c:(.text+0x63): undefined reference to `pthread_join'
collect2: error: ld returned 1 exit status
make[2]: *** [CMakeFiles/cmTC_2fdea.dir/build.make:87：cmTC_2fdea] 錯誤 1
make[2]: 離開目錄「/home/airobots/gpm_server/build/gpm_ammr/CMakeFiles/CMakeTmp」
make[1]: *** [Makefile:121：cmTC_2fdea/fast] 錯誤 2
make[1]: 離開目錄「/home/airobots/gpm_server/build/gpm_ammr/CMakeFiles/CMakeTmp」


Source file was:
#include <pthread.h>

void* test_func(void* data)
{
  return data;
}

int main(void)
{
  pthread_t thread;
  pthread_create(&thread, NULL, test_func, NULL);
  pthread_detach(thread);
  pthread_join(thread, NULL);
  pthread_atfork(NULL, NULL, NULL);
  pthread_exit(NULL);

  return 0;
}

Determining if the function pthread_create exists in the pthreads failed with the following output:
Change Dir: /home/airobots/gpm_server/build/gpm_ammr/CMakeFiles/CMakeTmp

Run Build Command(s):/usr/bin/make cmTC_7998d/fast && make[1]: 進入目錄「/home/airobots/gpm_server/build/gpm_ammr/CMakeFiles/CMakeTmp」
/usr/bin/make -f CMakeFiles/cmTC_7998d.dir/build.make CMakeFiles/cmTC_7998d.dir/build
make[2]: 進入目錄「/home/airobots/gpm_server/build/gpm_ammr/CMakeFiles/CMakeTmp」
Building C object CMakeFiles/cmTC_7998d.dir/CheckFunctionExists.c.o
/usr/bin/cc   -DCHECK_FUNCTION_EXISTS=pthread_create   -o CMakeFiles/cmTC_7998d.dir/CheckFunctionExists.c.o   -c /usr/share/cmake-3.16/Modules/CheckFunctionExists.c
Linking C executable cmTC_7998d
/usr/bin/cmake -E cmake_link_script CMakeFiles/cmTC_7998d.dir/link.txt --verbose=1
/usr/bin/cc  -DCHECK_FUNCTION_EXISTS=pthread_create    CMakeFiles/cmTC_7998d.dir/CheckFunctionExists.c.o  -o cmTC_7998d  -lpthreads 
/usr/bin/ld: 找不到 -lpthreads
collect2: error: ld returned 1 exit status
make[2]: *** [CMakeFiles/cmTC_7998d.dir/build.make:87：cmTC_7998d] 錯誤 1
make[2]: 離開目錄「/home/airobots/gpm_server/build/gpm_ammr/CMakeFiles/CMakeTmp」
make[1]: *** [Makefile:121：cmTC_7998d/fast] 錯誤 2
make[1]: 離開目錄「/home/airobots/gpm_server/build/gpm_ammr/CMakeFiles/CMakeTmp」



